[debug] [2024-09-14T18:36:34.202Z] ----------------------------------------------------------------------
[debug] [2024-09-14T18:36:34.204Z] Command:       /usr/local/bin/node /usr/local/bin/firebase emulators:start
[debug] [2024-09-14T18:36:34.204Z] CLI Version:   12.7.0
[debug] [2024-09-14T18:36:34.205Z] Platform:      darwin
[debug] [2024-09-14T18:36:34.205Z] Node Version:  v20.12.2
[debug] [2024-09-14T18:36:34.205Z] Time:          Sat Sep 14 2024 14:36:34 GMT-0400 (Eastern Daylight Time)
[debug] [2024-09-14T18:36:34.205Z] ----------------------------------------------------------------------
[debug] 
[debug] [2024-09-14T18:36:34.315Z] > command requires scopes: ["email","openid","https://www.googleapis.com/auth/cloudplatformprojects.readonly","https://www.googleapis.com/auth/firebase","https://www.googleapis.com/auth/cloud-platform"]
[debug] [2024-09-14T18:36:34.316Z] > authorizing via signed-in user (notfa.co@gmail.com)
[info] i  emulators: Starting emulators: functions {"metadata":{"emulator":{"name":"hub"},"message":"Starting emulators: functions"}}
[debug] [2024-09-14T18:36:34.647Z] [logging] Logging Emulator only supports listening on one address (127.0.0.1). Not listening on ::1
[debug] [2024-09-14T18:36:34.647Z] assigned listening specs for emulators {"user":{"hub":[{"address":"127.0.0.1","family":"IPv4","port":4400},{"address":"::1","family":"IPv6","port":4400}],"ui":[{"address":"127.0.0.1","family":"IPv4","port":4000},{"address":"::1","family":"IPv6","port":4000}],"logging":[{"address":"127.0.0.1","family":"IPv4","port":4500}]},"metadata":{"message":"assigned listening specs for emulators"}}
[debug] [2024-09-14T18:36:34.653Z] [hub] writing locator at /var/folders/sx/g31y5ljj2c74_z7kjpbmqg1h0000gn/T/hub-notfa-co.json
[debug] [2024-09-14T18:36:34.872Z] [functions] Functions Emulator only supports listening on one address (127.0.0.1). Not listening on ::1
[debug] [2024-09-14T18:36:34.873Z] [eventarc] Eventarc Emulator only supports listening on one address (127.0.0.1). Not listening on ::1
[debug] [2024-09-14T18:36:34.873Z] late-assigned ports for functions and eventarc emulators {"user":{"hub":[{"address":"127.0.0.1","family":"IPv4","port":4400},{"address":"::1","family":"IPv6","port":4400}],"ui":[{"address":"127.0.0.1","family":"IPv4","port":4000},{"address":"::1","family":"IPv6","port":4000}],"logging":[{"address":"127.0.0.1","family":"IPv4","port":4500}],"functions":[{"address":"127.0.0.1","family":"IPv4","port":5001}],"eventarc":[{"address":"127.0.0.1","family":"IPv4","port":9299}]},"metadata":{"message":"late-assigned ports for functions and eventarc emulators"}}
[warn] ⚠  functions: The following emulators are not running, calls to these services from the Functions emulator will affect production: auth, firestore, database, hosting, pubsub, storage {"metadata":{"emulator":{"name":"functions"},"message":"The following emulators are not running, calls to these services from the Functions emulator will affect production: \u001b[1mauth, firestore, database, hosting, pubsub, storage\u001b[22m"}}
[debug] [2024-09-14T18:36:34.877Z] defaultcredentials: writing to file /Users/danielmartinez/.config/firebase/notfa_co_gmail.com_application_default_credentials.json
[debug] [2024-09-14T18:36:34.879Z] Setting GAC to /Users/danielmartinez/.config/firebase/notfa_co_gmail.com_application_default_credentials.json {"metadata":{"emulator":{"name":"functions"},"message":"Setting GAC to /Users/danielmartinez/.config/firebase/notfa_co_gmail.com_application_default_credentials.json"}}
[debug] [2024-09-14T18:36:34.880Z] >>> [apiv2][query] GET https://firebase.googleapis.com/v1beta1/projects/notfa-co/adminSdkConfig [none]
[debug] [2024-09-14T18:36:35.539Z] <<< [apiv2][status] GET https://firebase.googleapis.com/v1beta1/projects/notfa-co/adminSdkConfig 200
[debug] [2024-09-14T18:36:35.540Z] <<< [apiv2][body] GET https://firebase.googleapis.com/v1beta1/projects/notfa-co/adminSdkConfig {"projectId":"notfa-co","storageBucket":"notfa-co.appspot.com"}
[debug] [2024-09-14T18:36:35.562Z] Ignoring unsupported arg: auto_download {"metadata":{"emulator":{"name":"ui"},"message":"Ignoring unsupported arg: auto_download"}}
[debug] [2024-09-14T18:36:35.562Z] Ignoring unsupported arg: port {"metadata":{"emulator":{"name":"ui"},"message":"Ignoring unsupported arg: port"}}
[debug] [2024-09-14T18:36:35.562Z] Starting Emulator UI with command {"binary":"node","args":["/Users/danielmartinez/.cache/firebase/emulators/ui-v1.11.7/server/server.js"],"optionalArgs":[],"joinArgs":false} {"metadata":{"emulator":{"name":"ui"},"message":"Starting Emulator UI with command {\"binary\":\"node\",\"args\":[\"/Users/danielmartinez/.cache/firebase/emulators/ui-v1.11.7/server/server.js\"],\"optionalArgs\":[],\"joinArgs\":false}"}}
[info] i  ui: Emulator UI logging to ui-debug.log {"metadata":{"emulator":{"name":"ui"},"message":"Emulator UI logging to \u001b[1mui-debug.log\u001b[22m"}}
[debug] [2024-09-14T18:36:35.652Z] Web / API server started at 127.0.0.1:4000
 {"metadata":{"emulator":{"name":"ui"},"message":"Web / API server started at 127.0.0.1:4000\n"}}
[debug] [2024-09-14T18:36:35.653Z] Web / API server started at ::1:4000
 {"metadata":{"emulator":{"name":"ui"},"message":"Web / API server started at ::1:4000\n"}}
[info] i  functions: Watching "/Users/danielmartinez/Projects/notfa-co/functions" for Cloud Functions... {"metadata":{"emulator":{"name":"functions"},"message":"Watching \"/Users/danielmartinez/Projects/notfa-co/functions\" for Cloud Functions..."}}
[debug] [2024-09-14T18:36:35.826Z] Validating nodejs source
[warn] ⚠  functions: package.json indicates an outdated version of firebase-functions. Please upgrade using npm install --save firebase-functions@latest in your functions directory. 
[warn] ⚠  functions: Please note that there will be breaking changes when you upgrade. 
[debug] [2024-09-14T18:36:36.471Z] > [functions] package.json contents: {
  "name": "functions",
  "scripts": {
    "lint": "eslint --ext .js,.ts .",
    "build": "tsc",
    "build:watch": "tsc --watch",
    "serve": "npm run build && firebase emulators:start --only functions",
    "shell": "npm run build && firebase functions:shell",
    "start": "npm run shell",
    "deploy": "firebase deploy --only functions",
    "logs": "firebase functions:log"
  },
  "engines": {
    "node": "18"
  },
  "main": "lib/index.js",
  "dependencies": {
    "firebase-admin": "^11.8.0",
    "firebase-functions": "^4.3.1"
  },
  "devDependencies": {
    "@typescript-eslint/eslint-plugin": "^5.12.0",
    "@typescript-eslint/parser": "^5.12.0",
    "eslint": "^8.9.0",
    "eslint-config-google": "^0.14.0",
    "eslint-plugin-import": "^2.25.4",
    "firebase-functions-test": "^3.1.0",
    "typescript": "^4.9.0"
  },
  "private": true
}
[error] ⬢  functions: Failed to load function definition from source: FirebaseError: There was an error reading functions/package.json:

 functions/lib/index.js does not exist, can't deploy Cloud Functions {"metadata":{"emulator":{"name":"functions"},"message":"Failed to load function definition from source: FirebaseError: There was an error reading functions/package.json:\n\n functions/lib/index.js does not exist, can't deploy Cloud Functions"}}
[info] 
┌─────────────────────────────────────────────────────────────┐
│ ✔  All emulators ready! It is now safe to connect your app. │
│ i  View Emulator UI at http://127.0.0.1:4000/               │
└─────────────────────────────────────────────────────────────┘

┌───────────┬────────────────┬─────────────────────────────────┐
│ Emulator  │ Host:Port      │ View in Emulator UI             │
├───────────┼────────────────┼─────────────────────────────────┤
│ Functions │ 127.0.0.1:5001 │ http://127.0.0.1:4000/functions │
└───────────┴────────────────┴─────────────────────────────────┘
  Emulator Hub running at 127.0.0.1:4400
  Other reserved ports: 4500

Issues? Report them at https://github.com/firebase/firebase-tools/issues and attach the *-debug.log files.
 
[debug] [2024-09-14T18:37:47.915Z] File /Users/danielmartinez/Projects/notfa-co/functions/src/index.ts changed, reloading triggers {"metadata":{"emulator":{"name":"functions"},"message":"File /Users/danielmartinez/Projects/notfa-co/functions/src/index.ts changed, reloading triggers"}}
[debug] [2024-09-14T18:37:48.104Z] File /Users/danielmartinez/Projects/notfa-co/functions/lib/index.js.map changed, reloading triggers {"metadata":{"emulator":{"name":"functions"},"message":"File /Users/danielmartinez/Projects/notfa-co/functions/lib/index.js.map changed, reloading triggers"}}
[debug] [2024-09-14T18:37:48.105Z] File /Users/danielmartinez/Projects/notfa-co/functions/lib/index.js changed, reloading triggers {"metadata":{"emulator":{"name":"functions"},"message":"File /Users/danielmartinez/Projects/notfa-co/functions/lib/index.js changed, reloading triggers"}}
[debug] [2024-09-14T18:37:49.107Z] Validating nodejs source
[warn] ⚠  functions: package.json indicates an outdated version of firebase-functions. Please upgrade using npm install --save firebase-functions@latest in your functions directory. 
[warn] ⚠  functions: Please note that there will be breaking changes when you upgrade. 
[debug] [2024-09-14T18:37:49.834Z] > [functions] package.json contents: {
  "name": "functions",
  "scripts": {
    "lint": "eslint --ext .js,.ts .",
    "build": "tsc",
    "build:watch": "tsc --watch",
    "serve": "npm run build && firebase emulators:start --only functions",
    "shell": "npm run build && firebase functions:shell",
    "start": "npm run shell",
    "deploy": "firebase deploy --only functions",
    "logs": "firebase functions:log"
  },
  "engines": {
    "node": "18"
  },
  "main": "lib/index.js",
  "dependencies": {
    "firebase-admin": "^11.8.0",
    "firebase-functions": "^4.3.1"
  },
  "devDependencies": {
    "@typescript-eslint/eslint-plugin": "^5.12.0",
    "@typescript-eslint/parser": "^5.12.0",
    "eslint": "^8.9.0",
    "eslint-config-google": "^0.14.0",
    "eslint-plugin-import": "^2.25.4",
    "firebase-functions-test": "^3.1.0",
    "typescript": "^4.9.0"
  },
  "private": true
}
[debug] [2024-09-14T18:37:49.834Z] Building nodejs source
[debug] [2024-09-14T18:37:49.834Z] Failed to find version of module node: reached end of search path /Users/danielmartinez/Projects/notfa-co/functions/node_modules
[warn] ⚠  functions: Your requested "node" version "18" doesn't match your global version "20". Using node@20 from host. 
[debug] [2024-09-14T18:37:49.836Z] Could not find functions.yaml. Must use http discovery
[debug] [2024-09-14T18:37:49.842Z] Found firebase-functions binary at '/Users/danielmartinez/Projects/notfa-co/functions/node_modules/.bin/firebase-functions'
[info] Serving at port 8213

[debug] [2024-09-14T18:37:50.503Z] Got response from /__/functions.yaml {"endpoints":{"helloWorld":{"availableMemoryMb":null,"timeoutSeconds":null,"minInstances":null,"maxInstances":null,"ingressSettings":null,"concurrency":null,"serviceAccountEmail":null,"vpc":null,"platform":"gcfv2","labels":{},"httpsTrigger":{},"entryPoint":"helloWorld"}},"specVersion":"v1alpha1","requiredAPIs":[]}
[info] ✔  functions: Loaded functions definitions from source: helloWorld. {"metadata":{"emulator":{"name":"functions"},"message":"Loaded functions definitions from source: helloWorld."}}
[info] ✔  functions[us-central1-helloWorld]: http function initialized (http://127.0.0.1:5001/notfa-co/us-central1/helloWorld). {"metadata":{"emulator":{"name":"functions"},"message":"\u001b[1mhttp\u001b[22m function initialized (http://127.0.0.1:5001/notfa-co/us-central1/helloWorld)."}}
[debug] [2024-09-14T18:40:11.495Z] File /Users/danielmartinez/Projects/notfa-co/functions/lib/index.js.map changed, reloading triggers {"metadata":{"emulator":{"name":"functions"},"message":"File /Users/danielmartinez/Projects/notfa-co/functions/lib/index.js.map changed, reloading triggers"}}
[debug] [2024-09-14T18:40:11.496Z] File /Users/danielmartinez/Projects/notfa-co/functions/lib/index.js changed, reloading triggers {"metadata":{"emulator":{"name":"functions"},"message":"File /Users/danielmartinez/Projects/notfa-co/functions/lib/index.js changed, reloading triggers"}}
[debug] [2024-09-14T18:40:12.499Z] Validating nodejs source
[warn] ⚠  functions: package.json indicates an outdated version of firebase-functions. Please upgrade using npm install --save firebase-functions@latest in your functions directory. 
[warn] ⚠  functions: Please note that there will be breaking changes when you upgrade. 
[debug] [2024-09-14T18:40:13.087Z] > [functions] package.json contents: {
  "name": "functions",
  "scripts": {
    "lint": "eslint --ext .js,.ts .",
    "build": "tsc",
    "build:watch": "tsc --watch",
    "serve": "npm run build && firebase emulators:start --only functions",
    "shell": "npm run build && firebase functions:shell",
    "start": "npm run shell",
    "deploy": "firebase deploy --only functions",
    "logs": "firebase functions:log"
  },
  "engines": {
    "node": "18"
  },
  "main": "lib/index.js",
  "dependencies": {
    "firebase-admin": "^11.8.0",
    "firebase-functions": "^4.3.1"
  },
  "devDependencies": {
    "@typescript-eslint/eslint-plugin": "^5.12.0",
    "@typescript-eslint/parser": "^5.12.0",
    "eslint": "^8.9.0",
    "eslint-config-google": "^0.14.0",
    "eslint-plugin-import": "^2.25.4",
    "firebase-functions-test": "^3.1.0",
    "typescript": "^4.9.0"
  },
  "private": true
}
[debug] [2024-09-14T18:40:13.087Z] Building nodejs source
[debug] [2024-09-14T18:40:13.087Z] Failed to find version of module node: reached end of search path /Users/danielmartinez/Projects/notfa-co/functions/node_modules
[warn] ⚠  functions: Your requested "node" version "18" doesn't match your global version "20". Using node@20 from host. 
[debug] [2024-09-14T18:40:13.088Z] Could not find functions.yaml. Must use http discovery
[debug] [2024-09-14T18:40:13.091Z] Found firebase-functions binary at '/Users/danielmartinez/Projects/notfa-co/functions/node_modules/.bin/firebase-functions'
[info] Serving at port 8392

[debug] [2024-09-14T18:40:13.344Z] Got response from /__/functions.yaml {"endpoints":{"helloWorld":{"availableMemoryMb":null,"timeoutSeconds":null,"minInstances":null,"maxInstances":null,"ingressSettings":null,"concurrency":null,"serviceAccountEmail":null,"vpc":null,"platform":"gcfv2","labels":{},"httpsTrigger":{},"entryPoint":"helloWorld"}},"specVersion":"v1alpha1","requiredAPIs":[]}
[info] ✔  functions: Loaded functions definitions from source: helloWorld. {"metadata":{"emulator":{"name":"functions"},"message":"Loaded functions definitions from source: helloWorld."}}
[debug] [2024-09-14T18:40:31.256Z] File /Users/danielmartinez/Projects/notfa-co/functions/pnpm-lock.yaml changed, reloading triggers {"metadata":{"emulator":{"name":"functions"},"message":"File /Users/danielmartinez/Projects/notfa-co/functions/pnpm-lock.yaml changed, reloading triggers"}}
[debug] [2024-09-14T18:40:31.256Z] File /Users/danielmartinez/Projects/notfa-co/functions/package.json changed, reloading triggers {"metadata":{"emulator":{"name":"functions"},"message":"File /Users/danielmartinez/Projects/notfa-co/functions/package.json changed, reloading triggers"}}
[debug] [2024-09-14T18:40:32.258Z] Validating nodejs source
[warn] ⚠  functions: package.json indicates an outdated version of firebase-functions. Please upgrade using npm install --save firebase-functions@latest in your functions directory. 
[warn] ⚠  functions: Please note that there will be breaking changes when you upgrade. 
[debug] [2024-09-14T18:40:32.925Z] > [functions] package.json contents: {
  "name": "functions",
  "scripts": {
    "lint": "eslint --ext .js,.ts .",
    "build": "tsc",
    "build:watch": "tsc --watch",
    "serve": "npm run build && firebase emulators:start --only functions",
    "shell": "npm run build && firebase functions:shell",
    "start": "npm run shell",
    "deploy": "firebase deploy --only functions",
    "logs": "firebase functions:log"
  },
  "engines": {
    "node": "18"
  },
  "main": "lib/index.js",
  "dependencies": {
    "firebase-admin": "^11.8.0",
    "firebase-functions": "^4.3.1",
    "node-fetch": "^3.3.2"
  },
  "devDependencies": {
    "@typescript-eslint/eslint-plugin": "^5.12.0",
    "@typescript-eslint/parser": "^5.12.0",
    "eslint": "^8.9.0",
    "eslint-config-google": "^0.14.0",
    "eslint-plugin-import": "^2.25.4",
    "firebase-functions-test": "^3.1.0",
    "typescript": "^4.9.0"
  },
  "private": true
}
[debug] [2024-09-14T18:40:32.925Z] Building nodejs source
[debug] [2024-09-14T18:40:32.925Z] Failed to find version of module node: reached end of search path /Users/danielmartinez/Projects/notfa-co/functions/node_modules
[warn] ⚠  functions: Your requested "node" version "18" doesn't match your global version "20". Using node@20 from host. 
[info] i  functions: Loaded environment variables from .env.local. 
[debug] [2024-09-14T18:40:32.926Z] Could not find functions.yaml. Must use http discovery
[debug] [2024-09-14T18:40:32.927Z] Found firebase-functions binary at '/Users/danielmartinez/Projects/notfa-co/functions/node_modules/.bin/firebase-functions'
[info] Serving at port 8336

[debug] [2024-09-14T18:40:33.553Z] Got response from /__/functions.yaml {"endpoints":{"helloWorld":{"availableMemoryMb":null,"timeoutSeconds":null,"minInstances":null,"maxInstances":null,"ingressSettings":null,"concurrency":null,"serviceAccountEmail":null,"vpc":null,"platform":"gcfv2","labels":{},"httpsTrigger":{},"entryPoint":"helloWorld"}},"specVersion":"v1alpha1","requiredAPIs":[]}
[info] ✔  functions: Loaded functions definitions from source: helloWorld. {"metadata":{"emulator":{"name":"functions"},"message":"Loaded functions definitions from source: helloWorld."}}
[debug] [2024-09-14T18:41:54.537Z] File /Users/danielmartinez/Projects/notfa-co/functions/pnpm-lock.yaml changed, reloading triggers {"metadata":{"emulator":{"name":"functions"},"message":"File /Users/danielmartinez/Projects/notfa-co/functions/pnpm-lock.yaml changed, reloading triggers"}}
[debug] [2024-09-14T18:41:54.537Z] File /Users/danielmartinez/Projects/notfa-co/functions/package.json changed, reloading triggers {"metadata":{"emulator":{"name":"functions"},"message":"File /Users/danielmartinez/Projects/notfa-co/functions/package.json changed, reloading triggers"}}
[debug] [2024-09-14T18:41:55.539Z] Validating nodejs source
[warn] ⚠  functions: package.json indicates an outdated version of firebase-functions. Please upgrade using npm install --save firebase-functions@latest in your functions directory. 
[warn] ⚠  functions: Please note that there will be breaking changes when you upgrade. 
[debug] [2024-09-14T18:41:56.135Z] > [functions] package.json contents: {
  "name": "functions",
  "scripts": {
    "lint": "eslint --ext .js,.ts .",
    "build": "tsc",
    "build:watch": "tsc --watch",
    "serve": "npm run build && firebase emulators:start --only functions",
    "shell": "npm run build && firebase functions:shell",
    "start": "npm run shell",
    "deploy": "firebase deploy --only functions",
    "logs": "firebase functions:log"
  },
  "engines": {
    "node": "18"
  },
  "main": "lib/index.js",
  "dependencies": {
    "dotenv": "^16.4.5",
    "firebase-admin": "^11.8.0",
    "firebase-functions": "^4.3.1",
    "node-fetch": "^3.3.2"
  },
  "devDependencies": {
    "@typescript-eslint/eslint-plugin": "^5.12.0",
    "@typescript-eslint/parser": "^5.12.0",
    "eslint": "^8.9.0",
    "eslint-config-google": "^0.14.0",
    "eslint-plugin-import": "^2.25.4",
    "firebase-functions-test": "^3.1.0",
    "typescript": "^4.9.0"
  },
  "private": true
}
[debug] [2024-09-14T18:41:56.135Z] Building nodejs source
[debug] [2024-09-14T18:41:56.135Z] Failed to find version of module node: reached end of search path /Users/danielmartinez/Projects/notfa-co/functions/node_modules
[warn] ⚠  functions: Your requested "node" version "18" doesn't match your global version "20". Using node@20 from host. 
[info] i  functions: Loaded environment variables from .env.local. 
[debug] [2024-09-14T18:41:56.137Z] Could not find functions.yaml. Must use http discovery
[debug] [2024-09-14T18:41:56.138Z] Found firebase-functions binary at '/Users/danielmartinez/Projects/notfa-co/functions/node_modules/.bin/firebase-functions'
[info] Serving at port 8634

[debug] [2024-09-14T18:41:56.765Z] Got response from /__/functions.yaml {"endpoints":{"helloWorld":{"availableMemoryMb":null,"timeoutSeconds":null,"minInstances":null,"maxInstances":null,"ingressSettings":null,"concurrency":null,"serviceAccountEmail":null,"vpc":null,"platform":"gcfv2","labels":{},"httpsTrigger":{},"entryPoint":"helloWorld"}},"specVersion":"v1alpha1","requiredAPIs":[]}
[info] ✔  functions: Loaded functions definitions from source: helloWorld. {"metadata":{"emulator":{"name":"functions"},"message":"Loaded functions definitions from source: helloWorld."}}
[debug] [2024-09-14T18:42:02.774Z] File /Users/danielmartinez/Projects/notfa-co/functions/src/index.ts changed, reloading triggers {"metadata":{"emulator":{"name":"functions"},"message":"File /Users/danielmartinez/Projects/notfa-co/functions/src/index.ts changed, reloading triggers"}}
[debug] [2024-09-14T18:42:03.775Z] Validating nodejs source
[warn] ⚠  functions: package.json indicates an outdated version of firebase-functions. Please upgrade using npm install --save firebase-functions@latest in your functions directory. 
[warn] ⚠  functions: Please note that there will be breaking changes when you upgrade. 
[debug] [2024-09-14T18:42:04.633Z] > [functions] package.json contents: {
  "name": "functions",
  "scripts": {
    "lint": "eslint --ext .js,.ts .",
    "build": "tsc",
    "build:watch": "tsc --watch",
    "serve": "npm run build && firebase emulators:start --only functions",
    "shell": "npm run build && firebase functions:shell",
    "start": "npm run shell",
    "deploy": "firebase deploy --only functions",
    "logs": "firebase functions:log"
  },
  "engines": {
    "node": "18"
  },
  "main": "lib/index.js",
  "dependencies": {
    "dotenv": "^16.4.5",
    "firebase-admin": "^11.8.0",
    "firebase-functions": "^4.3.1",
    "node-fetch": "^3.3.2"
  },
  "devDependencies": {
    "@typescript-eslint/eslint-plugin": "^5.12.0",
    "@typescript-eslint/parser": "^5.12.0",
    "eslint": "^8.9.0",
    "eslint-config-google": "^0.14.0",
    "eslint-plugin-import": "^2.25.4",
    "firebase-functions-test": "^3.1.0",
    "typescript": "^4.9.0"
  },
  "private": true
}
[debug] [2024-09-14T18:42:04.633Z] Building nodejs source
[debug] [2024-09-14T18:42:04.633Z] Failed to find version of module node: reached end of search path /Users/danielmartinez/Projects/notfa-co/functions/node_modules
[warn] ⚠  functions: Your requested "node" version "18" doesn't match your global version "20". Using node@20 from host. 
[info] i  functions: Loaded environment variables from .env.local. 
[debug] [2024-09-14T18:42:04.636Z] Could not find functions.yaml. Must use http discovery
[debug] [2024-09-14T18:42:04.637Z] Found firebase-functions binary at '/Users/danielmartinez/Projects/notfa-co/functions/node_modules/.bin/firebase-functions'
[info] Serving at port 8295

[debug] [2024-09-14T18:42:05.030Z] Got response from /__/functions.yaml {"endpoints":{"helloWorld":{"availableMemoryMb":null,"timeoutSeconds":null,"minInstances":null,"maxInstances":null,"ingressSettings":null,"concurrency":null,"serviceAccountEmail":null,"vpc":null,"platform":"gcfv2","labels":{},"httpsTrigger":{},"entryPoint":"helloWorld"}},"specVersion":"v1alpha1","requiredAPIs":[]}
[debug] [2024-09-14T18:42:06.716Z] File /Users/danielmartinez/Projects/notfa-co/functions/lib/index.js.map changed, reloading triggers {"metadata":{"emulator":{"name":"functions"},"message":"File /Users/danielmartinez/Projects/notfa-co/functions/lib/index.js.map changed, reloading triggers"}}
[debug] [2024-09-14T18:42:06.717Z] File /Users/danielmartinez/Projects/notfa-co/functions/lib/index.js changed, reloading triggers {"metadata":{"emulator":{"name":"functions"},"message":"File /Users/danielmartinez/Projects/notfa-co/functions/lib/index.js changed, reloading triggers"}}
[debug] [2024-09-14T18:42:07.718Z] Validating nodejs source
[warn] ⚠  functions: package.json indicates an outdated version of firebase-functions. Please upgrade using npm install --save firebase-functions@latest in your functions directory. 
[warn] ⚠  functions: Please note that there will be breaking changes when you upgrade. 
[debug] [2024-09-14T18:42:08.165Z] > [functions] package.json contents: {
  "name": "functions",
  "scripts": {
    "lint": "eslint --ext .js,.ts .",
    "build": "tsc",
    "build:watch": "tsc --watch",
    "serve": "npm run build && firebase emulators:start --only functions",
    "shell": "npm run build && firebase functions:shell",
    "start": "npm run shell",
    "deploy": "firebase deploy --only functions",
    "logs": "firebase functions:log"
  },
  "engines": {
    "node": "18"
  },
  "main": "lib/index.js",
  "dependencies": {
    "dotenv": "^16.4.5",
    "firebase-admin": "^11.8.0",
    "firebase-functions": "^4.3.1",
    "node-fetch": "^3.3.2"
  },
  "devDependencies": {
    "@typescript-eslint/eslint-plugin": "^5.12.0",
    "@typescript-eslint/parser": "^5.12.0",
    "eslint": "^8.9.0",
    "eslint-config-google": "^0.14.0",
    "eslint-plugin-import": "^2.25.4",
    "firebase-functions-test": "^3.1.0",
    "typescript": "^4.9.0"
  },
  "private": true
}
[debug] [2024-09-14T18:42:08.165Z] Building nodejs source
[debug] [2024-09-14T18:42:08.165Z] Failed to find version of module node: reached end of search path /Users/danielmartinez/Projects/notfa-co/functions/node_modules
[warn] ⚠  functions: Your requested "node" version "18" doesn't match your global version "20". Using node@20 from host. 
[info] i  functions: Loaded environment variables from .env.local. 
[debug] [2024-09-14T18:42:08.166Z] Could not find functions.yaml. Must use http discovery
[debug] [2024-09-14T18:42:08.166Z] Found firebase-functions binary at '/Users/danielmartinez/Projects/notfa-co/functions/node_modules/.bin/firebase-functions'
[info] Serving at port 8922

[error] Error [ERR_REQUIRE_ESM]: require() of ES Module /Users/danielmartinez/Projects/notfa-co/functions/node_modules/.pnpm/node-fetch@3.3.2/node_modules/node-fetch/src/index.js from /Users/danielmartinez/Projects/notfa-co/functions/lib/index.js not supported.
Instead change the require of /Users/danielmartinez/Projects/notfa-co/functions/node_modules/.pnpm/node-fetch@3.3.2/node_modules/node-fetch/src/index.js in /Users/danielmartinez/Projects/notfa-co/functions/lib/index.js to a dynamic import() which is available in all CommonJS modules.
    at Object.<anonymous> (/Users/danielmartinez/Projects/notfa-co/functions/lib/index.js:6:22) {
  code: 'ERR_REQUIRE_ESM'
}

[debug] [2024-09-14T18:42:08.555Z] Got response code 400; body Failed to generate manifest from function source: Error [ERR_REQUIRE_ESM]: require() of ES Module /Users/danielmartinez/Projects/notfa-co/functions/node_modules/.pnpm/node-fetch@3.3.2/node_modules/node-fetch/src/index.js from /Users/danielmartinez/Projects/notfa-co/functions/lib/index.js not supported.
Instead change the require of /Users/danielmartinez/Projects/notfa-co/functions/node_modules/.pnpm/node-fetch@3.3.2/node_modules/node-fetch/src/index.js in /Users/danielmartinez/Projects/notfa-co/functions/lib/index.js to a dynamic import() which is available in all CommonJS modules.
[info] ✔  functions: Loaded functions definitions from source: helloWorld. {"metadata":{"emulator":{"name":"functions"},"message":"Loaded functions definitions from source: helloWorld."}}
[error] ⬢  functions: Failed to load function definition from source: FirebaseError: Functions codebase could not be analyzed successfully. It may have a syntax or runtime error {"metadata":{"emulator":{"name":"functions"},"message":"Failed to load function definition from source: FirebaseError: Functions codebase could not be analyzed successfully. It may have a syntax or runtime error"}}
[debug] [2024-09-14T18:44:33.400Z] File /Users/danielmartinez/Projects/notfa-co/functions/src/index.ts changed, reloading triggers {"metadata":{"emulator":{"name":"functions"},"message":"File /Users/danielmartinez/Projects/notfa-co/functions/src/index.ts changed, reloading triggers"}}
[debug] [2024-09-14T18:44:33.716Z] File /Users/danielmartinez/Projects/notfa-co/functions/lib/index.js.map changed, reloading triggers {"metadata":{"emulator":{"name":"functions"},"message":"File /Users/danielmartinez/Projects/notfa-co/functions/lib/index.js.map changed, reloading triggers"}}
[debug] [2024-09-14T18:44:33.716Z] File /Users/danielmartinez/Projects/notfa-co/functions/lib/index.js changed, reloading triggers {"metadata":{"emulator":{"name":"functions"},"message":"File /Users/danielmartinez/Projects/notfa-co/functions/lib/index.js changed, reloading triggers"}}
[debug] [2024-09-14T18:44:34.718Z] Validating nodejs source
[warn] ⚠  functions: package.json indicates an outdated version of firebase-functions. Please upgrade using npm install --save firebase-functions@latest in your functions directory. 
[warn] ⚠  functions: Please note that there will be breaking changes when you upgrade. 
[debug] [2024-09-14T18:44:35.560Z] > [functions] package.json contents: {
  "name": "functions",
  "scripts": {
    "lint": "eslint --ext .js,.ts .",
    "build": "tsc",
    "build:watch": "tsc --watch",
    "serve": "npm run build && firebase emulators:start --only functions",
    "shell": "npm run build && firebase functions:shell",
    "start": "npm run shell",
    "deploy": "firebase deploy --only functions",
    "logs": "firebase functions:log"
  },
  "engines": {
    "node": "18"
  },
  "main": "lib/index.js",
  "dependencies": {
    "dotenv": "^16.4.5",
    "firebase-admin": "^11.8.0",
    "firebase-functions": "^4.3.1",
    "node-fetch": "^3.3.2"
  },
  "devDependencies": {
    "@typescript-eslint/eslint-plugin": "^5.12.0",
    "@typescript-eslint/parser": "^5.12.0",
    "eslint": "^8.9.0",
    "eslint-config-google": "^0.14.0",
    "eslint-plugin-import": "^2.25.4",
    "firebase-functions-test": "^3.1.0",
    "typescript": "^4.9.0"
  },
  "private": true
}
[debug] [2024-09-14T18:44:35.560Z] Building nodejs source
[debug] [2024-09-14T18:44:35.560Z] Failed to find version of module node: reached end of search path /Users/danielmartinez/Projects/notfa-co/functions/node_modules
[warn] ⚠  functions: Your requested "node" version "18" doesn't match your global version "20". Using node@20 from host. 
[info] i  functions: Loaded environment variables from .env.local. 
[debug] [2024-09-14T18:44:35.562Z] Could not find functions.yaml. Must use http discovery
[debug] [2024-09-14T18:44:35.564Z] Found firebase-functions binary at '/Users/danielmartinez/Projects/notfa-co/functions/node_modules/.bin/firebase-functions'
[info] Serving at port 8422

[error] Error [ERR_REQUIRE_ESM]: require() of ES Module /Users/danielmartinez/Projects/notfa-co/functions/node_modules/.pnpm/node-fetch@3.3.2/node_modules/node-fetch/src/index.js from /Users/danielmartinez/Projects/notfa-co/functions/lib/index.js not supported.
Instead change the require of /Users/danielmartinez/Projects/notfa-co/functions/node_modules/.pnpm/node-fetch@3.3.2/node_modules/node-fetch/src/index.js in /Users/danielmartinez/Projects/notfa-co/functions/lib/index.js to a dynamic import() which is available in all CommonJS modules.
    at Object.<anonymous> (/Users/danielmartinez/Projects/notfa-co/functions/lib/index.js:6:22) {
  code: 'ERR_REQUIRE_ESM'
}

[debug] [2024-09-14T18:44:35.918Z] Got response code 400; body Failed to generate manifest from function source: Error [ERR_REQUIRE_ESM]: require() of ES Module /Users/danielmartinez/Projects/notfa-co/functions/node_modules/.pnpm/node-fetch@3.3.2/node_modules/node-fetch/src/index.js from /Users/danielmartinez/Projects/notfa-co/functions/lib/index.js not supported.
Instead change the require of /Users/danielmartinez/Projects/notfa-co/functions/node_modules/.pnpm/node-fetch@3.3.2/node_modules/node-fetch/src/index.js in /Users/danielmartinez/Projects/notfa-co/functions/lib/index.js to a dynamic import() which is available in all CommonJS modules.
[error] ⬢  functions: Failed to load function definition from source: FirebaseError: Functions codebase could not be analyzed successfully. It may have a syntax or runtime error {"metadata":{"emulator":{"name":"functions"},"message":"Failed to load function definition from source: FirebaseError: Functions codebase could not be analyzed successfully. It may have a syntax or runtime error"}}
